This is pdfTeX, Version 3.14159265-2.6-1.40.16 (MiKTeX 2.9 64-bit) (preloaded format=pdflatex 2016.3.14)  30 JAN 2017 14:34
entering extended mode
**./main.tex
(main.tex
LaTeX2e <2015/10/01> patch level 2
Babel <3.9m> and hyphenation patterns for 69 languages loaded.

("C:\Users\DELL\AppData\Local\Programs\MiKTeX 2.9\tex\latex\koma-script\scrartc
l.cls"
Document Class: scrartcl 2015/10/03 v3.19a KOMA-Script document class (article)


("C:\Users\DELL\AppData\Local\Programs\MiKTeX 2.9\tex\latex\koma-script\scrkbas
e.sty"
Package: scrkbase 2015/10/03 v3.19a KOMA-Script package (KOMA-Script-dependent 
basics and keyval usage)

("C:\Users\DELL\AppData\Local\Programs\MiKTeX 2.9\tex\latex\koma-script\scrbase
.sty"
Package: scrbase 2015/10/03 v3.19a KOMA-Script package (KOMA-Script-independent
 basics and keyval usage)

("C:\Users\DELL\AppData\Local\Programs\MiKTeX 2.9\tex\latex\graphics\keyval.sty
"
Package: keyval 2014/10/28 v1.15 key=value parser (DPC)
\KV@toks@=\toks14
)
("C:\Users\DELL\AppData\Local\Programs\MiKTeX 2.9\tex\latex\koma-script\scrlfil
e.sty"
Package: scrlfile 2015/10/03 v3.19a KOMA-Script package (loading files)

Package scrlfile, 2015/10/03 v3.19a KOMA-Script package (loading files)
                  Copyright (C) Markus Kohm

)))
("C:\Users\DELL\AppData\Local\Programs\MiKTeX 2.9\tex\latex\koma-script\tocbasi
c.sty"
Package: tocbasic 2015/10/03 v3.19a KOMA-Script package (handling toc-files)
)
Package tocbasic Info: omitting babel extension for `toc'
(tocbasic)             because of feature `nobabel' available
(tocbasic)             for `toc' on input line 123.
Package tocbasic Info: omitting babel extension for `lof'
(tocbasic)             because of feature `nobabel' available
(tocbasic)             for `lof' on input line 124.
Package tocbasic Info: omitting babel extension for `lot'
(tocbasic)             because of feature `nobabel' available
(tocbasic)             for `lot' on input line 125.
Package scrartcl Info: You've used standard option `11pt'.
(scrartcl)             This is correct!
(scrartcl)             Internally I'm using `fontsize=11pt'.
(scrartcl)             If you'd like to set the option with \KOMAoptions,
(scrartcl)             you'd have to use `fontsize=11pt' there
(scrartcl)             instead of `11pt', too.
Class scrartcl Info: You've used standard option `oneside'.
(scrartcl)           This is correct!
(scrartcl)           Internally I'm using `twoside=false'.
(scrartcl)           If you'd like to set the option with \KOMAoptions,
(scrartcl)           you'd have to use `twoside=false' there
(scrartcl)           instead of `oneside', too.
Class scrartcl Info: File `scrsize11pt.clo' used to setup font sizes on input l
ine 2033.

("C:\Users\DELL\AppData\Local\Programs\MiKTeX 2.9\tex\latex\koma-script\scrsize
11pt.clo"
File: scrsize11pt.clo 2015/10/03 v3.19a KOMA-Script font size class option (11p
t)
)
("C:\Users\DELL\AppData\Local\Programs\MiKTeX 2.9\tex\latex\koma-script\typeare
a.sty"
Package: typearea 2015/10/03 v3.19a KOMA-Script package (type area)

Package typearea, 2015/10/03 v3.19a KOMA-Script package (type area)
                  Copyright (C) Frank Neukam, 1992-1994
                  Copyright (C) Markus Kohm, 1994-

\ta@bcor=\skip41
\ta@div=\count79
Package typearea Info: You've used standard option `a4paper'.
(typearea)             This is correct!
(typearea)             Internally I'm using `paper=a4'.
(typearea)             If you'd like to set the option with \KOMAoptions,
(typearea)             you'd have to use `paper=a4' there
(typearea)             instead of `a4paper', too.
Package typearea Info: You've used standard option `oneside'.
(typearea)             This is correct!
(typearea)             Internally I'm using `twoside=false'.
(typearea)             If you'd like to set the option with \KOMAoptions,
(typearea)             you'd have to use `twoside=false' there
(typearea)             instead of `oneside', too.
\ta@hblk=\skip42
\ta@vblk=\skip43
\ta@temp=\skip44
\footheight=\skip45
Package typearea Info: These are the values describing the layout:
(typearea)             DIV  = 10
(typearea)             BCOR = 14.22636pt
(typearea)             \paperwidth      = 597.50793pt
(typearea)              \textwidth      = 408.2971pt
(typearea)              DIV departure   = -3%
(typearea)              \evensidemargin = 29.44861pt
(typearea)              \oddsidemargin  = 29.44861pt
(typearea)             \paperheight     = 845.04694pt
(typearea)              \textheight     = 514.20023pt
(typearea)              \topmargin      = 12.2347pt
(typearea)              \headheight     = 17.0pt
(typearea)              \headsep        = 20.40001pt
(typearea)              \topskip        = 11.0pt
(typearea)              \footskip       = 47.6pt
(typearea)              \baselineskip   = 13.6pt
(typearea)              on input line 1509.
)
\c@part=\count80
\c@section=\count81
\c@subsection=\count82
\c@subsubsection=\count83
\c@paragraph=\count84
\c@subparagraph=\count85
LaTeX Info: Redefining \textsubscript on input line 3906.
\abovecaptionskip=\skip46
\belowcaptionskip=\skip47
\c@pti@nb@sid@b@x=\box26
\c@figure=\count86
\c@table=\count87
\bibindent=\dimen102
) (structure.tex
("C:\Users\DELL\AppData\Local\Programs\MiKTeX 2.9\tex\latex\classicthesis\class
icthesis.sty"
Package: classicthesis 2015/09/06 v4.2 Typographic style for a classic-looking 
thesis

("C:\Users\DELL\AppData\Local\Programs\MiKTeX 2.9\tex\latex\base\ifthen.sty"
Package: ifthen 2014/09/29 v1.1c Standard LaTeX ifthen package (DPC)
)
Package classicthesis Info: Using option "nochapters" (probably for an article)
. This turns off the options "linedheaders", "manychapters", "floatperchapter",
"listsseparated", "eulerchapternumbers", and "parts". Please be aware of that. 
on input line 158.

("C:\Users\DELL\AppData\Local\Programs\MiKTeX 2.9\tex\generic\oberdiek\ifpdf.st
y"
Package: ifpdf 2011/01/30 v2.3 Provides the ifpdf switch (HO)
Package ifpdf Info: pdfTeX in PDF mode is detected.
)
("C:\Users\DELL\AppData\Local\Programs\MiKTeX 2.9\tex\latex\hyperref\hyperref.s
ty"
Package: hyperref 2012/11/06 v6.83m Hypertext links for LaTeX

("C:\Users\DELL\AppData\Local\Programs\MiKTeX 2.9\tex\generic\oberdiek\hobsub-h
yperref.sty"
Package: hobsub-hyperref 2012/04/25 v1.12 Bundle oberdiek, subset hyperref (HO)


("C:\Users\DELL\AppData\Local\Programs\MiKTeX 2.9\tex\generic\oberdiek\hobsub-g
eneric.sty"
Package: hobsub-generic 2012/04/25 v1.12 Bundle oberdiek, subset generic (HO)
Package: hobsub 2012/04/25 v1.12 Construct package bundles (HO)
Package: infwarerr 2010/04/08 v1.3 Providing info/warning/error messages (HO)
Package: ltxcmds 2011/11/09 v1.22 LaTeX kernel commands for general use (HO)
Package: ifluatex 2010/03/01 v1.3 Provides the ifluatex switch (HO)
Package ifluatex Info: LuaTeX not detected.
Package: ifvtex 2010/03/01 v1.5 Detect VTeX and its facilities (HO)
Package ifvtex Info: VTeX not detected.
Package: intcalc 2007/09/27 v1.1 Expandable calculations with integers (HO)
Package hobsub Info: Skipping package `ifpdf' (already loaded).
Package: etexcmds 2011/02/16 v1.5 Avoid name clashes with e-TeX commands (HO)
Package etexcmds Info: Could not find \expanded.
(etexcmds)             That can mean that you are not using pdfTeX 1.50 or
(etexcmds)             that some package has redefined \expanded.
(etexcmds)             In the latter case, load this package earlier.
Package: kvsetkeys 2012/04/25 v1.16 Key value parser (HO)
Package: kvdefinekeys 2011/04/07 v1.3 Define keys (HO)
Package: pdftexcmds 2011/11/29 v0.20 Utility functions of pdfTeX for LuaTeX (HO
)
Package pdftexcmds Info: LuaTeX not detected.
Package pdftexcmds Info: \pdf@primitive is available.
Package pdftexcmds Info: \pdf@ifprimitive is available.
Package pdftexcmds Info: \pdfdraftmode found.
Package: pdfescape 2011/11/25 v1.13 Implements pdfTeX's escape features (HO)
Package: bigintcalc 2012/04/08 v1.3 Expandable calculations on big integers (HO
)
Package: bitset 2011/01/30 v1.1 Handle bit-vector datatype (HO)
Package: uniquecounter 2011/01/30 v1.2 Provide unlimited unique counter (HO)
)
Package hobsub Info: Skipping package `hobsub' (already loaded).
Package: letltxmacro 2010/09/02 v1.4 Let assignment for LaTeX macros (HO)
Package: hopatch 2011/06/24 v1.1 Wrapper for package hooks (HO)
Package: xcolor-patch 2011/01/30 xcolor patch
Package: atveryend 2011/06/30 v1.8 Hooks at the very end of document (HO)
Package atveryend Info: \enddocument detected (standard20110627).
Package: atbegshi 2011/10/05 v1.16 At begin shipout hook (HO)
Package: refcount 2011/10/16 v3.4 Data extraction from label references (HO)
Package: hycolor 2011/01/30 v1.7 Color options for hyperref/bookmark (HO)
)
("C:\Users\DELL\AppData\Local\Programs\MiKTeX 2.9\tex\generic\ifxetex\ifxetex.s
ty"
Package: ifxetex 2010/09/12 v0.6 Provides ifxetex conditional
)
("C:\Users\DELL\AppData\Local\Programs\MiKTeX 2.9\tex\latex\oberdiek\auxhook.st
y"
Package: auxhook 2011/03/04 v1.3 Hooks for auxiliary files (HO)
)
("C:\Users\DELL\AppData\Local\Programs\MiKTeX 2.9\tex\latex\oberdiek\kvoptions.
sty"
Package: kvoptions 2011/06/30 v3.11 Key value format for package options (HO)
)
\@linkdim=\dimen103
\Hy@linkcounter=\count88
\Hy@pagecounter=\count89

("C:\Users\DELL\AppData\Local\Programs\MiKTeX 2.9\tex\latex\hyperref\pd1enc.def
"
File: pd1enc.def 2012/11/06 v6.83m Hyperref: PDFDocEncoding definition (HO)
)
\Hy@SavedSpaceFactor=\count90

("C:\Users\DELL\AppData\Local\Programs\MiKTeX 2.9\tex\latex\00miktex\hyperref.c
fg"
File: hyperref.cfg 2002/06/06 v1.2 hyperref configuration of TeXLive
)
Package hyperref Info: Hyper figures OFF on input line 4443.
Package hyperref Info: Link nesting OFF on input line 4448.
Package hyperref Info: Hyper index ON on input line 4451.
Package hyperref Info: Plain pages OFF on input line 4458.
Package hyperref Info: Backreferencing OFF on input line 4463.
Package hyperref Info: Implicit mode ON; LaTeX internals redefined.
Package hyperref Info: Bookmarks ON on input line 4688.
\c@Hy@tempcnt=\count91
 ("C:\Users\DELL\AppData\Local\Programs\MiKTeX 2.9\tex\latex\url\url.sty"
\Urlmuskip=\muskip10
Package: url 2013/09/16  ver 3.4  Verb mode for urls, etc.
)
LaTeX Info: Redefining \url on input line 5041.
\XeTeXLinkMargin=\dimen104
\Fld@menulength=\count92
\Field@Width=\dimen105
\Fld@charsize=\dimen106
Package hyperref Info: Hyper figures OFF on input line 6295.
Package hyperref Info: Link nesting OFF on input line 6300.
Package hyperref Info: Hyper index ON on input line 6303.
Package hyperref Info: backreferencing OFF on input line 6310.
Package hyperref Info: Link coloring OFF on input line 6315.
Package hyperref Info: Link coloring with OCG OFF on input line 6320.
Package hyperref Info: PDF/A mode OFF on input line 6325.
LaTeX Info: Redefining \ref on input line 6365.
LaTeX Info: Redefining \pageref on input line 6369.
\Hy@abspage=\count93
\c@Item=\count94
\c@Hfootnote=\count95
)

Package hyperref Message: Driver (autodetected): hpdftex.


("C:\Users\DELL\AppData\Local\Programs\MiKTeX 2.9\tex\latex\hyperref\hpdftex.de
f"
File: hpdftex.def 2012/11/06 v6.83m Hyperref driver for pdfTeX
\Fld@listcount=\count96
\c@bookmark@seq@number=\count97

("C:\Users\DELL\AppData\Local\Programs\MiKTeX 2.9\tex\latex\oberdiek\rerunfilec
heck.sty"
Package: rerunfilecheck 2011/04/15 v1.7 Rerun checks for auxiliary files (HO)
Package uniquecounter Info: New unique counter `rerunfilecheck' on input line 2
82.
)
\Hy@SectionHShift=\skip48
)
("C:\Users\DELL\AppData\Local\Programs\MiKTeX 2.9\tex\latex\xcolor\xcolor.sty"
Package: xcolor 2007/01/21 v2.11 LaTeX color extensions (UK)

("C:\Users\DELL\AppData\Local\Programs\MiKTeX 2.9\tex\latex\00miktex\color.cfg"
File: color.cfg 2007/01/18 v1.5 color configuration of teTeX/TeXLive
)
Package xcolor Info: Driver file: pdftex.def on input line 225.

("C:\Users\DELL\AppData\Local\Programs\MiKTeX 2.9\tex\latex\pdftex-def\pdftex.d
ef"
File: pdftex.def 2011/05/27 v0.06d Graphics/color for pdfTeX
\Gread@gobject=\count98
)
Package xcolor Info: Model `cmy' substituted by `cmy0' on input line 1337.
Package xcolor Info: Model `hsb' substituted by `rgb' on input line 1341.
Package xcolor Info: Model `RGB' extended on input line 1353.
Package xcolor Info: Model `HTML' substituted by `rgb' on input line 1355.
Package xcolor Info: Model `Hsb' substituted by `hsb' on input line 1356.
Package xcolor Info: Model `tHsb' substituted by `hsb' on input line 1357.
Package xcolor Info: Model `HSB' substituted by `hsb' on input line 1358.
Package xcolor Info: Model `Gray' substituted by `gray' on input line 1359.
Package xcolor Info: Model `wave' substituted by `hsb' on input line 1360.

("C:\Users\DELL\AppData\Local\Programs\MiKTeX 2.9\tex\latex\graphics\dvipsnam.d
ef"
File: dvipsnam.def 2014/10/14 v3.0j Driver-dependent file (DPC,SPQR)
))
("C:\Users\DELL\AppData\Local\Programs\MiKTeX 2.9\tex\latex\psnfss\mathpazo.sty
"
Package: mathpazo 2005/04/12 PSNFSS-v9.2a Palatino w/ Pazo Math (D.Puga, WaS) 
\symupright=\mathgroup4
) ("C:\Users\DELL\AppData\Local\Programs\MiKTeX 2.9\tex\latex\bera\beramono.sty
"
Package: beramono 2004/01/31 (WaS)
)
("C:\Users\DELL\AppData\Local\Programs\MiKTeX 2.9\tex\latex\eulervm\eulervm.sty
"
Package: eulervm 2005/01/11 v4.0 (WaS)
)
("C:\Users\DELL\AppData\Local\Programs\MiKTeX 2.9\tex\latex\microtype\microtype
.sty"
Package: microtype 2016/05/14 v2.6a Micro-typographical refinements (RS)
\MT@toks=\toks15
\MT@count=\count99
LaTeX Info: Redefining \textls on input line 774.
\MT@outer@kern=\dimen107
LaTeX Info: Redefining \textmicrotypecontext on input line 1310.
\MT@listname@count=\count100

("C:\Users\DELL\AppData\Local\Programs\MiKTeX 2.9\tex\latex\microtype\microtype
-pdftex.def"
File: microtype-pdftex.def 2016/05/14 v2.6a Definitions specific to pdftex (RS)

LaTeX Info: Redefining \lsstyle on input line 916.
LaTeX Info: Redefining \lslig on input line 916.
\MT@outer@space=\skip49
)
Package microtype Info: Loading configuration file microtype.cfg.

("C:\Users\DELL\AppData\Local\Programs\MiKTeX 2.9\tex\latex\microtype\microtype
.cfg"
File: microtype.cfg 2016/05/14 v2.6a microtype main configuration file (RS)
))
Package classicthesis Info: A4 paper, Palatino or other on input line 272.
Package typearea Info: These are the values describing the layout:
(typearea)             DIV  = areaset
(typearea)             BCOR = 14.22636pt
(typearea)             \paperwidth      = 597.50793pt
(typearea)              \textwidth      = 336.0pt
(typearea)              \evensidemargin = 65.59715pt
(typearea)              \oddsidemargin  = 65.59715pt
(typearea)             \paperheight     = 845.04694pt
(typearea)              \textheight     = 666.04997pt
(typearea)              \topmargin      = -40.58768pt
(typearea)              \headheight     = 15.95pt
(typearea)              \headsep        = 20.40001pt
(typearea)              \topskip        = 11.0pt
(typearea)              \footskip       = 47.60002pt
(typearea)              \baselineskip   = 13.6pt
(typearea)              on input line 272.

("C:\Users\DELL\AppData\Local\Programs\MiKTeX 2.9\tex\latex\booktabs\booktabs.s
ty"
Package: booktabs 2005/04/14 v1.61803 publication quality tables
\heavyrulewidth=\dimen108
\lightrulewidth=\dimen109
\cmidrulewidth=\dimen110
\belowrulesep=\dimen111
\belowbottomsep=\dimen112
\aboverulesep=\dimen113
\abovetopsep=\dimen114
\cmidrulesep=\dimen115
\cmidrulekern=\dimen116
\defaultaddspace=\dimen117
\@cmidla=\count101
\@cmidlb=\count102
\@aboverulesep=\dimen118
\@belowrulesep=\dimen119
\@thisruleclass=\count103
\@lastruleclass=\count104
\@thisrulewidth=\dimen120
)
("C:\Users\DELL\AppData\Local\Programs\MiKTeX 2.9\tex\latex\textcase\textcase.s
ty"
Package: textcase 2004/10/07 v0.07 Text only upper/lower case changing (DPC)
)
Package classicthesis Info: Using pdftex/microtype for character spacing.Make s
ure your pdftex is version 1.40 or higher. on input line 345.

("C:\Users\DELL\AppData\Local\Programs\MiKTeX 2.9\tex\latex\koma-script\scrlaye
r-scrpage.sty"
Package: scrlayer-scrpage 2015/10/03 v3.19a KOMA-Script package (end user inter
face for scrlayer)

("C:\Users\DELL\AppData\Local\Programs\MiKTeX 2.9\tex\latex\koma-script\scrlaye
r.sty"
Package: scrlayer 2015/10/03 v3.19a KOMA-Script package (defining layers and pa
ge styles)
Package scrlayer Info: Using already defined \footheight
(scrlayer)             hoping, that this is a length and
(scrlayer)             not only a macro on input line 107.
Package scrlayer Info: patching LaTeX kernel macro \pagestyle on input line 197
5.
)
Package scrlayer-scrpage Info: deactivating warning for font element
(scrlayer-scrpage)             `pagefoot' on input line 1191.
)
Package scrlayer-scrpage Info: auto-selection of `pagestyleset=KOMA-Script'.

1: subsection
1: section
1: section
1: subsection

Class scrartcl Warning: Usage of package `titlesec' together
(scrartcl)              with a KOMA-Script class is not recommended.
(scrartcl)              I'd suggest to use the package only
(scrartcl)              if you really need it, because it breaks several
(scrartcl)              KOMA-Script features, i.e., option `headings' and
(scrartcl)              the extended optional argument of the section
(scrartcl)              commands.
(scrartcl)              Nevertheless, using requested
(scrartcl)              package `titlesec' on input line 378.


("C:\Users\DELL\AppData\Local\Programs\MiKTeX 2.9\tex\latex\titlesec\titlesec.s
ty"
Package: titlesec 2016/03/21 v2.10.2 Sectioning titles
\ttl@box=\box27
\beforetitleunit=\skip50
\aftertitleunit=\skip51
\ttl@plus=\dimen121
\ttl@minus=\dimen122
\ttl@toksa=\toks16
\titlewidth=\dimen123
\titlewidthlast=\dimen124
\titlewidthfirst=\dimen125


Package titlesec Warning: Non standard sectioning command detected
(titlesec)                Using default spacing and no format.


Package titlesec Warning: Non standard sectioning command detected
(titlesec)                Using default spacing and no format.


Package titlesec Warning: Non standard sectioning command detected
(titlesec)                Using default spacing and no format.


Package titlesec Warning: Non standard sectioning command detected
(titlesec)                Using default spacing and no format.


Package titlesec Warning: Non standard sectioning command detected
(titlesec)                Using default spacing and no format.

)
Class scrartcl Info: Deactivating the `titlesec` workaround,
(scrartcl)           because package is newer than expected on input line 378.

("C:\Users\DELL\AppData\Local\Programs\MiKTeX 2.9\tex\latex\tocloft\tocloft.sty
"
Package: tocloft 2013/05/02 v2.3f parameterised ToC, etc., typesetting
Package tocloft Info: The document has section divisions on input line 44.
\cftparskip=\skip52
\cftbeforetoctitleskip=\skip53
\cftaftertoctitleskip=\skip54
\cftbeforepartskip=\skip55
\cftpartnumwidth=\skip56
\cftpartindent=\skip57
\cftbeforesecskip=\skip58
\cftsecindent=\skip59
\cftsecnumwidth=\skip60
\cftbeforesubsecskip=\skip61
\cftsubsecindent=\skip62
\cftsubsecnumwidth=\skip63
\cftbeforesubsubsecskip=\skip64
\cftsubsubsecindent=\skip65
\cftsubsubsecnumwidth=\skip66
\cftbeforeparaskip=\skip67
\cftparaindent=\skip68
\cftparanumwidth=\skip69
\cftbeforesubparaskip=\skip70
\cftsubparaindent=\skip71
\cftsubparanumwidth=\skip72
\cftbeforeloftitleskip=\skip73
\cftafterloftitleskip=\skip74
\cftbeforefigskip=\skip75
\cftfigindent=\skip76
\cftfignumwidth=\skip77
\c@lofdepth=\count105
\c@lotdepth=\count106
\cftbeforelottitleskip=\skip78
\cftafterlottitleskip=\skip79
\cftbeforetabskip=\skip80
\cfttabindent=\skip81
\cfttabnumwidth=\skip82
)
\newnumberwidth=\skip83
\beforebibskip=\skip84
\newchnumberwidth=\skip85
\figurelabelwidth=\skip86
\tablelabelwidth=\skip87
 Using KOMA-command "deffootnote" for footnote setup
("C:\Users\DELL\AppData\Local\Programs\MiKTeX 2.9\tex\latex\koma-script\scrtime
.sty"
Package: scrtime 2015/10/03 v3.19a KOMA-Script package (time of LaTeX run)
)
("C:\Users\DELL\AppData\Local\Programs\MiKTeX 2.9\tex\latex\carlisle\remreset.s
ty"))
("C:\Users\DELL\AppData\Local\Programs\MiKTeX 2.9\tex\latex\arsclassica\arsclas
sica.sty"
Package: arsclassica 2017/01/05 (LP)

("C:\Users\DELL\AppData\Local\Programs\MiKTeX 2.9\tex\latex\caption\caption.sty
"
Package: caption 2016/02/21 v3.3-144 Customizing captions (AR)

("C:\Users\DELL\AppData\Local\Programs\MiKTeX 2.9\tex\latex\caption\caption3.st
y"
Package: caption3 2016/02/04 v1.7-139 caption3 kernel (AR)
Package caption3 Info: TeX engine: e-TeX on input line 67.
\captionmargin=\dimen126
\captionmargin@=\dimen127
\captionwidth=\dimen128
\caption@tempdima=\dimen129
\caption@indent=\dimen130
\caption@parindent=\dimen131
\caption@hangindent=\dimen132
)
Package caption Info: KOMA-Script document class.
\c@ContinuedFloat=\count107
Package caption Info: hyperref package is loaded.
)
Package typearea Info: These are the values describing the layout:
(typearea)             DIV  = areaset
(typearea)             BCOR = 14.22636pt
(typearea)             \paperwidth      = 597.50793pt
(typearea)              \textwidth      = 370.0pt
(typearea)              \evensidemargin = 48.59715pt
(typearea)              \oddsidemargin  = 48.59715pt
(typearea)             \paperheight     = 845.04694pt
(typearea)              \textheight     = 700.04997pt
(typearea)              \topmargin      = -51.92102pt
(typearea)              \headheight     = 15.95pt
(typearea)              \headsep        = 20.40001pt
(typearea)              \topskip        = 11.0pt
(typearea)              \footskip       = 47.60002pt
(typearea)              \baselineskip   = 13.6pt
(typearea)              on input line 17.
LaTeX Info: Redefining \spacedallcaps on input line 64.
LaTeX Info: Redefining \spacedlowsmallcaps on input line 64.

("C:\Users\DELL\AppData\Local\Programs\MiKTeX 2.9\tex\latex\titlesec\block.tss"
File: block.tss 2016/03/15
)
Package hyperref Info: Option `colorlinks' set `true' on input line 186.
Package hyperref Info: Option `linktocpage' set `true' on input line 186.
Package hyperref Info: Option `breaklinks' set `true' on input line 186.
Package hyperref Info: Option `pageanchor' set `true' on input line 186.
Package hyperref Info: Option `plainpages' set `false' on input line 186.
Package hyperref Info: Option `bookmarksnumbered' set `true' on input line 186.

Package hyperref Info: Option `bookmarksopen' set `true' on input line 186.
Package hyperref Info: Option `hypertexnames' set `true' on input line 186.


Package hyperref Warning: Option `hyperfootnotes' has already been used,
(hyperref)                setting the option has no effect on input line 186.


Package hyperref Warning: Option `pdfpagelabels' has already been used,
(hyperref)                setting the option has no effect on input line 186.

) ("C:\Users\DELL\AppData\Local\Programs\MiKTeX 2.9\tex\latex\base\fontenc.sty"
Package: fontenc 2005/09/27 v1.99g Standard LaTeX package
("C:\Users\DELL\AppData\Local\Programs\MiKTeX 2.9\tex\latex\base\t1enc.def"
File: t1enc.def 2005/09/27 v1.99g Standard LaTeX file
LaTeX Font Info:    Redeclaring font encoding T1 on input line 48.
))
("C:\Users\DELL\AppData\Local\Programs\MiKTeX 2.9\tex\latex\base\inputenc.sty"
Package: inputenc 2015/03/17 v1.2c Input encoding file
\inpenc@prehook=\toks17
\inpenc@posthook=\toks18

("C:\Users\DELL\AppData\Local\Programs\MiKTeX 2.9\tex\latex\base\utf8.def"
File: utf8.def 2015/09/07 v1.1p UTF-8 support for inputenc
Now handling font encoding OML ...
... no UTF-8 mapping file for font encoding OML
Now handling font encoding T1 ...
... processing UTF-8 mapping file for font encoding T1

("C:\Users\DELL\AppData\Local\Programs\MiKTeX 2.9\tex\latex\base\t1enc.dfu"
File: t1enc.dfu 2015/09/07 v1.1p UTF-8 support for inputenc
   defining Unicode char U+00A0 (decimal 160)
   defining Unicode char U+00A1 (decimal 161)
   defining Unicode char U+00A3 (decimal 163)
   defining Unicode char U+00AB (decimal 171)
   defining Unicode char U+00AD (decimal 173)
   defining Unicode char U+00BB (decimal 187)
   defining Unicode char U+00BF (decimal 191)
   defining Unicode char U+00C0 (decimal 192)
   defining Unicode char U+00C1 (decimal 193)
   defining Unicode char U+00C2 (decimal 194)
   defining Unicode char U+00C3 (decimal 195)
   defining Unicode char U+00C4 (decimal 196)
   defining Unicode char U+00C5 (decimal 197)
   defining Unicode char U+00C6 (decimal 198)
   defining Unicode char U+00C7 (decimal 199)
   defining Unicode char U+00C8 (decimal 200)
   defining Unicode char U+00C9 (decimal 201)
   defining Unicode char U+00CA (decimal 202)
   defining Unicode char U+00CB (decimal 203)
   defining Unicode char U+00CC (decimal 204)
   defining Unicode char U+00CD (decimal 205)
   defining Unicode char U+00CE (decimal 206)
   defining Unicode char U+00CF (decimal 207)
   defining Unicode char U+00D0 (decimal 208)
   defining Unicode char U+00D1 (decimal 209)
   defining Unicode char U+00D2 (decimal 210)
   defining Unicode char U+00D3 (decimal 211)
   defining Unicode char U+00D4 (decimal 212)
   defining Unicode char U+00D5 (decimal 213)
   defining Unicode char U+00D6 (decimal 214)
   defining Unicode char U+00D8 (decimal 216)
   defining Unicode char U+00D9 (decimal 217)
   defining Unicode char U+00DA (decimal 218)
   defining Unicode char U+00DB (decimal 219)
   defining Unicode char U+00DC (decimal 220)
   defining Unicode char U+00DD (decimal 221)
   defining Unicode char U+00DE (decimal 222)
   defining Unicode char U+00DF (decimal 223)
   defining Unicode char U+00E0 (decimal 224)
   defining Unicode char U+00E1 (decimal 225)
   defining Unicode char U+00E2 (decimal 226)
   defining Unicode char U+00E3 (decimal 227)
   defining Unicode char U+00E4 (decimal 228)
   defining Unicode char U+00E5 (decimal 229)
   defining Unicode char U+00E6 (decimal 230)
   defining Unicode char U+00E7 (decimal 231)
   defining Unicode char U+00E8 (decimal 232)
   defining Unicode char U+00E9 (decimal 233)
   defining Unicode char U+00EA (decimal 234)
   defining Unicode char U+00EB (decimal 235)
   defining Unicode char U+00EC (decimal 236)
   defining Unicode char U+00ED (decimal 237)
   defining Unicode char U+00EE (decimal 238)
   defining Unicode char U+00EF (decimal 239)
   defining Unicode char U+00F0 (decimal 240)
   defining Unicode char U+00F1 (decimal 241)
   defining Unicode char U+00F2 (decimal 242)
   defining Unicode char U+00F3 (decimal 243)
   defining Unicode char U+00F4 (decimal 244)
   defining Unicode char U+00F5 (decimal 245)
   defining Unicode char U+00F6 (decimal 246)
   defining Unicode char U+00F8 (decimal 248)
   defining Unicode char U+00F9 (decimal 249)
   defining Unicode char U+00FA (decimal 250)
   defining Unicode char U+00FB (decimal 251)
   defining Unicode char U+00FC (decimal 252)
   defining Unicode char U+00FD (decimal 253)
   defining Unicode char U+00FE (decimal 254)
   defining Unicode char U+00FF (decimal 255)
   defining Unicode char U+0102 (decimal 258)
   defining Unicode char U+0103 (decimal 259)
   defining Unicode char U+0104 (decimal 260)
   defining Unicode char U+0105 (decimal 261)
   defining Unicode char U+0106 (decimal 262)
   defining Unicode char U+0107 (decimal 263)
   defining Unicode char U+010C (decimal 268)
   defining Unicode char U+010D (decimal 269)
   defining Unicode char U+010E (decimal 270)
   defining Unicode char U+010F (decimal 271)
   defining Unicode char U+0110 (decimal 272)
   defining Unicode char U+0111 (decimal 273)
   defining Unicode char U+0118 (decimal 280)
   defining Unicode char U+0119 (decimal 281)
   defining Unicode char U+011A (decimal 282)
   defining Unicode char U+011B (decimal 283)
   defining Unicode char U+011E (decimal 286)
   defining Unicode char U+011F (decimal 287)
   defining Unicode char U+0130 (decimal 304)
   defining Unicode char U+0131 (decimal 305)
   defining Unicode char U+0132 (decimal 306)
   defining Unicode char U+0133 (decimal 307)
   defining Unicode char U+0139 (decimal 313)
   defining Unicode char U+013A (decimal 314)
   defining Unicode char U+013D (decimal 317)
   defining Unicode char U+013E (decimal 318)
   defining Unicode char U+0141 (decimal 321)
   defining Unicode char U+0142 (decimal 322)
   defining Unicode char U+0143 (decimal 323)
   defining Unicode char U+0144 (decimal 324)
   defining Unicode char U+0147 (decimal 327)
   defining Unicode char U+0148 (decimal 328)
   defining Unicode char U+014A (decimal 330)
   defining Unicode char U+014B (decimal 331)
   defining Unicode char U+0150 (decimal 336)
   defining Unicode char U+0151 (decimal 337)
   defining Unicode char U+0152 (decimal 338)
   defining Unicode char U+0153 (decimal 339)
   defining Unicode char U+0154 (decimal 340)
   defining Unicode char U+0155 (decimal 341)
   defining Unicode char U+0158 (decimal 344)
   defining Unicode char U+0159 (decimal 345)
   defining Unicode char U+015A (decimal 346)
   defining Unicode char U+015B (decimal 347)
   defining Unicode char U+015E (decimal 350)
   defining Unicode char U+015F (decimal 351)
   defining Unicode char U+0160 (decimal 352)
   defining Unicode char U+0161 (decimal 353)
   defining Unicode char U+0162 (decimal 354)
   defining Unicode char U+0163 (decimal 355)
   defining Unicode char U+0164 (decimal 356)
   defining Unicode char U+0165 (decimal 357)
   defining Unicode char U+016E (decimal 366)
   defining Unicode char U+016F (decimal 367)
   defining Unicode char U+0170 (decimal 368)
   defining Unicode char U+0171 (decimal 369)
   defining Unicode char U+0174 (decimal 372)
   defining Unicode char U+0175 (decimal 373)
   defining Unicode char U+0176 (decimal 374)
   defining Unicode char U+0177 (decimal 375)
   defining Unicode char U+0178 (decimal 376)
   defining Unicode char U+0179 (decimal 377)
   defining Unicode char U+017A (decimal 378)
   defining Unicode char U+017B (decimal 379)
   defining Unicode char U+017C (decimal 380)
   defining Unicode char U+017D (decimal 381)
   defining Unicode char U+017E (decimal 382)
   defining Unicode char U+0218 (decimal 536)
   defining Unicode char U+0219 (decimal 537)
   defining Unicode char U+021A (decimal 538)
   defining Unicode char U+021B (decimal 539)
   defining Unicode char U+200C (decimal 8204)
   defining Unicode char U+2013 (decimal 8211)
   defining Unicode char U+2014 (decimal 8212)
   defining Unicode char U+2018 (decimal 8216)
   defining Unicode char U+2019 (decimal 8217)
   defining Unicode char U+201A (decimal 8218)
   defining Unicode char U+201C (decimal 8220)
   defining Unicode char U+201D (decimal 8221)
   defining Unicode char U+201E (decimal 8222)
   defining Unicode char U+2030 (decimal 8240)
   defining Unicode char U+2031 (decimal 8241)
   defining Unicode char U+2039 (decimal 8249)
   defining Unicode char U+203A (decimal 8250)
   defining Unicode char U+2423 (decimal 9251)
)
Now handling font encoding OT1 ...
... processing UTF-8 mapping file for font encoding OT1

("C:\Users\DELL\AppData\Local\Programs\MiKTeX 2.9\tex\latex\base\ot1enc.dfu"
File: ot1enc.dfu 2015/09/07 v1.1p UTF-8 support for inputenc
   defining Unicode char U+00A0 (decimal 160)
   defining Unicode char U+00A1 (decimal 161)
   defining Unicode char U+00A3 (decimal 163)
   defining Unicode char U+00AD (decimal 173)
   defining Unicode char U+00B8 (decimal 184)
   defining Unicode char U+00BF (decimal 191)
   defining Unicode char U+00C5 (decimal 197)
   defining Unicode char U+00C6 (decimal 198)
   defining Unicode char U+00D8 (decimal 216)
   defining Unicode char U+00DF (decimal 223)
   defining Unicode char U+00E6 (decimal 230)
   defining Unicode char U+00EC (decimal 236)
   defining Unicode char U+00ED (decimal 237)
   defining Unicode char U+00EE (decimal 238)
   defining Unicode char U+00EF (decimal 239)
   defining Unicode char U+00F8 (decimal 248)
   defining Unicode char U+0131 (decimal 305)
   defining Unicode char U+0141 (decimal 321)
   defining Unicode char U+0142 (decimal 322)
   defining Unicode char U+0152 (decimal 338)
   defining Unicode char U+0153 (decimal 339)
   defining Unicode char U+0174 (decimal 372)
   defining Unicode char U+0175 (decimal 373)
   defining Unicode char U+0176 (decimal 374)
   defining Unicode char U+0177 (decimal 375)
   defining Unicode char U+0218 (decimal 536)
   defining Unicode char U+0219 (decimal 537)
   defining Unicode char U+021A (decimal 538)
   defining Unicode char U+021B (decimal 539)
   defining Unicode char U+2013 (decimal 8211)
   defining Unicode char U+2014 (decimal 8212)
   defining Unicode char U+2018 (decimal 8216)
   defining Unicode char U+2019 (decimal 8217)
   defining Unicode char U+201C (decimal 8220)
   defining Unicode char U+201D (decimal 8221)
)
Now handling font encoding OMS ...
... processing UTF-8 mapping file for font encoding OMS

("C:\Users\DELL\AppData\Local\Programs\MiKTeX 2.9\tex\latex\base\omsenc.dfu"
File: omsenc.dfu 2015/09/07 v1.1p UTF-8 support for inputenc
   defining Unicode char U+00A7 (decimal 167)
   defining Unicode char U+00B6 (decimal 182)
   defining Unicode char U+00B7 (decimal 183)
   defining Unicode char U+2020 (decimal 8224)
   defining Unicode char U+2021 (decimal 8225)
   defining Unicode char U+2022 (decimal 8226)
)
Now handling font encoding OMX ...
... no UTF-8 mapping file for font encoding OMX
Now handling font encoding U ...
... no UTF-8 mapping file for font encoding U
Now handling font encoding PD1 ...
... no UTF-8 mapping file for font encoding PD1
   defining Unicode char U+00A9 (decimal 169)
   defining Unicode char U+00AA (decimal 170)
   defining Unicode char U+00AE (decimal 174)
   defining Unicode char U+00BA (decimal 186)
   defining Unicode char U+02C6 (decimal 710)
   defining Unicode char U+02DC (decimal 732)
   defining Unicode char U+200C (decimal 8204)
   defining Unicode char U+2026 (decimal 8230)
   defining Unicode char U+2122 (decimal 8482)
   defining Unicode char U+2423 (decimal 9251)
)) ("C:\Users\DELL\AppData\Local\Programs\MiKTeX 2.9\tex\generic\babel\babel.st
y"
Package: babel 2015/08/03 3.9m The Babel package
*************************************
* Local config file bblopts.cfg used
*

("C:\Users\DELL\AppData\Local\Programs\MiKTeX 2.9\tex\latex\00miktex\bblopts.cf
g"
File: bblopts.cfg 2006/07/31 v1.0 MiKTeX 'babel' configuration
)
("C:\Users\DELL\AppData\Local\Programs\MiKTeX 2.9\tex\latex\babel-english\engli
sh.ldf"
Language: english 2012/08/20 v3.3p English support from the babel system

("C:\Users\DELL\AppData\Local\Programs\MiKTeX 2.9\tex\generic\babel\babel.def"
File: babel.def 2015/08/03 3.9m Babel common definitions
\babel@savecnt=\count108
\U@D=\dimen133
)
\l@canadian = a dialect from \language\l@american 
\l@australian = a dialect from \language\l@british 
\l@newzealand = a dialect from \language\l@british 
)
("C:\Users\DELL\AppData\Local\Programs\MiKTeX 2.9\tex\latex\babel-english\engli
sh.ldf"
Language: english 2012/08/20 v3.3p English support from the babel system
))
("C:\Users\DELL\AppData\Local\Programs\MiKTeX 2.9\tex\latex\graphics\graphicx.s
ty"
Package: graphicx 2014/10/28 v1.0g Enhanced LaTeX Graphics (DPC,SPQR)

("C:\Users\DELL\AppData\Local\Programs\MiKTeX 2.9\tex\latex\graphics\graphics.s
ty"
Package: graphics 2014/10/28 v1.0p Standard LaTeX Graphics (DPC,SPQR)

("C:\Users\DELL\AppData\Local\Programs\MiKTeX 2.9\tex\latex\graphics\trig.sty"
Package: trig 1999/03/16 v1.09 sin cos tan (DPC)
)
("C:\Users\DELL\AppData\Local\Programs\MiKTeX 2.9\tex\latex\00miktex\graphics.c
fg"
File: graphics.cfg 2007/01/18 v1.5 graphics configuration of teTeX/TeXLive
)
Package graphics Info: Driver file: pdftex.def on input line 94.
)
\Gin@req@height=\dimen134
\Gin@req@width=\dimen135
)
("C:\Users\DELL\AppData\Local\Programs\MiKTeX 2.9\tex\latex\enumitem\enumitem.s
ty"
Package: enumitem 2011/09/28 v3.5.2 Customized lists
\labelindent=\skip88
\enit@outerparindent=\dimen136
\enit@toks=\toks19
\enit@inbox=\box28
\enitdp@description=\count109
)
("C:\Users\DELL\AppData\Local\Programs\MiKTeX 2.9\tex\latex\lipsum\lipsum.sty"
Package: lipsum 2014/07/27 v1.3 150 paragraphs of Lorem Ipsum dummy text
\c@lips@count=\count110
) ("C:\Users\DELL\AppData\Local\Programs\MiKTeX 2.9\tex\latex\subfig\subfig.sty
"
Package: subfig 2005/06/28 ver: 1.3 subfig package
\c@KVtest=\count111
\sf@farskip=\skip89
\sf@captopadj=\dimen137
\sf@capskip=\skip90
\sf@nearskip=\skip91
\c@subfigure=\count112
\c@subfigure@save=\count113
\c@subtable=\count114
\c@subtable@save=\count115
\sf@top=\skip92
\sf@bottom=\skip93
)
("C:\Users\DELL\AppData\Local\Programs\MiKTeX 2.9\tex\latex\amsmath\amsmath.sty
"
Package: amsmath 2013/01/14 v2.14 AMS math features
\@mathmargin=\skip94

For additional information on amsmath, use the `?' option.
("C:\Users\DELL\AppData\Local\Programs\MiKTeX 2.9\tex\latex\amsmath\amstext.sty
"
Package: amstext 2000/06/29 v2.01
 ("C:\Users\DELL\AppData\Local\Programs\MiKTeX 2.9\tex\latex\amsmath\amsgen.sty
"
File: amsgen.sty 1999/11/30 v2.0
\@emptytoks=\toks20
\ex@=\dimen138
))
("C:\Users\DELL\AppData\Local\Programs\MiKTeX 2.9\tex\latex\amsmath\amsbsy.sty"
Package: amsbsy 1999/11/29 v1.2d
\pmbraise@=\dimen139
) ("C:\Users\DELL\AppData\Local\Programs\MiKTeX 2.9\tex\latex\amsmath\amsopn.st
y"
Package: amsopn 1999/12/14 v2.01 operator names
)
\inf@bad=\count116
LaTeX Info: Redefining \frac on input line 210.
\uproot@=\count117
\leftroot@=\count118
LaTeX Info: Redefining \overline on input line 306.
\classnum@=\count119
\DOTSCASE@=\count120
LaTeX Info: Redefining \ldots on input line 378.
LaTeX Info: Redefining \dots on input line 381.
LaTeX Info: Redefining \cdots on input line 466.
\Mathstrutbox@=\box29
\strutbox@=\box30
\big@size=\dimen140
LaTeX Font Info:    Redeclaring font encoding OML on input line 566.
LaTeX Font Info:    Redeclaring font encoding OMS on input line 567.
\macc@depth=\count121
\c@MaxMatrixCols=\count122
\dotsspace@=\muskip11
\c@parentequation=\count123
\dspbrk@lvl=\count124
\tag@help=\toks21
\row@=\count125
\column@=\count126
\maxfields@=\count127
\andhelp@=\toks22
\eqnshift@=\dimen141
\alignsep@=\dimen142
\tagshift@=\dimen143
\tagwidth@=\dimen144
\totwidth@=\dimen145
\lineht@=\dimen146
\@envbody=\toks23
\multlinegap=\skip95
\multlinetaggap=\skip96
\mathdisplay@stack=\toks24
LaTeX Info: Redefining \[ on input line 2665.
LaTeX Info: Redefining \] on input line 2666.
)
("C:\Users\DELL\AppData\Local\Programs\MiKTeX 2.9\tex\latex\amsfonts\amssymb.st
y"
Package: amssymb 2013/01/14 v3.01 AMS font symbols

("C:\Users\DELL\AppData\Local\Programs\MiKTeX 2.9\tex\latex\amsfonts\amsfonts.s
ty"
Package: amsfonts 2013/01/14 v3.01 Basic AMSFonts support
\symAMSa=\mathgroup5
\symAMSb=\mathgroup6
LaTeX Font Info:    Overwriting math alphabet `\mathfrak' in version `bold'
(Font)                  U/euf/m/n --> U/euf/b/n on input line 106.
))
("C:\Users\DELL\AppData\Local\Programs\MiKTeX 2.9\tex\latex\amscls\amsthm.sty"
Package: amsthm 2015/03/04 v2.20.2
\thm@style=\toks25
\thm@bodyfont=\toks26
\thm@headfont=\toks27
\thm@notefont=\toks28
\thm@headpunct=\toks29
\thm@preskip=\skip97
\thm@postskip=\skip98
\thm@headsep=\skip99
\dth@everypar=\toks30
) ("C:\Users\DELL\AppData\Local\Programs\MiKTeX 2.9\tex\latex\tools\varioref.st
y"
Package: varioref 2015/09/22 v1.5b package for extended references (FMi)
\c@vrcnt=\count128
)
\c@definition=\count129
\c@theorem=\count130
Package hyperref Info: Option `colorlinks' set `true' on input line 74.
Package hyperref Info: Option `breaklinks' set `true' on input line 74.


Package hyperref Warning: Option `bookmarks' has already been used,
(hyperref)                setting the option has no effect on input line 74.

Package hyperref Info: Option `bookmarksnumbered' set `true' on input line 74.
) (main.aux)
\openout1 = `main.aux'.

LaTeX Font Info:    Checking defaults for OML/cmm/m/it on input line 43.
LaTeX Font Info:    ... okay on input line 43.
LaTeX Font Info:    Checking defaults for T1/cmr/m/n on input line 43.
LaTeX Font Info:    ... okay on input line 43.
LaTeX Font Info:    Checking defaults for OT1/cmr/m/n on input line 43.
LaTeX Font Info:    ... okay on input line 43.
LaTeX Font Info:    Checking defaults for OMS/cmsy/m/n on input line 43.
LaTeX Font Info:    ... okay on input line 43.
LaTeX Font Info:    Checking defaults for OMX/cmex/m/n on input line 43.
LaTeX Font Info:    ... okay on input line 43.
LaTeX Font Info:    Checking defaults for U/cmr/m/n on input line 43.
LaTeX Font Info:    ... okay on input line 43.
LaTeX Font Info:    Checking defaults for PD1/pdf/m/n on input line 43.
LaTeX Font Info:    ... okay on input line 43.
LaTeX Font Info:    Try loading font information for T1+pplj on input line 43.

("C:\Users\DELL\AppData\Local\Programs\MiKTeX 2.9\tex\latex\psnfss\t1pplj.fd"
File: t1pplj.fd 2004/09/06 font definitions for T1/pplj.
)
\AtBeginShipoutBox=\box31
Package hyperref Info: Link coloring ON on input line 43.

("C:\Users\DELL\AppData\Local\Programs\MiKTeX 2.9\tex\latex\hyperref\nameref.st
y"
Package: nameref 2012/10/27 v2.43 Cross-referencing by name of section

("C:\Users\DELL\AppData\Local\Programs\MiKTeX 2.9\tex\generic\oberdiek\gettitle
string.sty"
Package: gettitlestring 2010/12/03 v1.4 Cleanup title references (HO)
)
\c@section@level=\count131
LaTeX Info: Redefining \Ref on input line 513.
)
LaTeX Info: Redefining \ref on input line 43.
LaTeX Info: Redefining \pageref on input line 43.
LaTeX Info: Redefining \nameref on input line 43.
 (main.out) (main.out)
\@outlinefile=\write3
\openout3 = `main.out'.

LaTeX Info: Redefining \Ref on input line 43.

("C:\Users\DELL\AppData\Local\Programs\MiKTeX 2.9\tex\context\base\supp-pdf.mki
i"
[Loading MPS to PDF converter (version 2006.09.02).]
\scratchcounter=\count132
\scratchdimen=\dimen147
\scratchbox=\box32
\nofMPsegments=\count133
\nofMParguments=\count134
\everyMPshowfont=\toks31
\MPscratchCnt=\count135
\MPscratchDim=\dimen148
\MPnumerator=\count136
\makeMPintoPDFobject=\count137
\everyMPtoPDFconversion=\toks32
)
LaTeX Info: Redefining \microtypecontext on input line 43.
Package microtype Info: Generating PDF output.
Package microtype Info: Character protrusion enabled (level 2).
Package microtype Info: Using default protrusion set `alltext'.
Package microtype Info: No font expansion.
Package microtype Info: No adjustment of tracking.
Package microtype Info: No adjustment of interword spacing.
Package microtype Info: No adjustment of character kerning.

("C:\Users\DELL\AppData\Local\Programs\MiKTeX 2.9\tex\latex\microtype\mt-ppl.cf
g"
File: mt-ppl.cfg 2005/11/16 v1.6 microtype config. file: Palatino (RS)
)
Package caption Info: Begin \AtBeginDocument code.
Package caption Info: subfig package v1.3 is loaded.
Package caption Info: End \AtBeginDocument code.
LaTeX Font Info:    Try loading font information for T1+iwona on input line 60.

 ("C:\Users\DELL\AppData\Local\Programs\MiKTeX 2.9\tex\latex\iwona\t1iwona.fd"
File: t1iwona.fd 2008/07/22 v0.995 font definition file for T1/iwona (MW)
)
Package microtype Info: Loading generic settings for font family
(microtype)             `iwona' (encoding: T1).
(microtype)             For optimal results, create family-specific settings.
(microtype)             See the microtype manual for details.
LaTeX Font Info:    Font shape `T1/iwona/bx/n' in size <10.95> not available
(Font)              Font shape `T1/iwona/b/n' tried instead on input line 60.
LaTeX Font Info:    Font shape `T1/iwona/bx/n' in size <20.74> not available
(Font)              Font shape `T1/iwona/b/n' tried instead on input line 60.
LaTeX Font Info:    Try loading font information for OT1+pplj on input line 60.


("C:\Users\DELL\AppData\Local\Programs\MiKTeX 2.9\tex\latex\psnfss\ot1pplj.fd"
File: ot1pplj.fd 2004/09/06 font definitions for OT1/pplj.
)
LaTeX Font Info:    Try loading font information for U+zeur on input line 60.
("C:\Users\DELL\AppData\Local\Programs\MiKTeX 2.9\tex\latex\eulervm\uzeur.fd"
File: uzeur.fd 2005/01/11 v4.0 (WaS)
)
("C:\Users\DELL\AppData\Local\Programs\MiKTeX 2.9\tex\latex\microtype\mt-eur.cf
g"
File: mt-eur.cfg 2006/07/31 v1.1 microtype config. file: AMS Euler Roman (RS)
)
LaTeX Font Info:    Try loading font information for U+zeus on input line 60.
 ("C:\Users\DELL\AppData\Local\Programs\MiKTeX 2.9\tex\latex\eulervm\uzeus.fd"
File: uzeus.fd 2005/01/11 v4.0 (WaS)
)
("C:\Users\DELL\AppData\Local\Programs\MiKTeX 2.9\tex\latex\microtype\mt-eus.cf
g"
File: mt-eus.cfg 2006/07/28 v1.2 microtype config. file: AMS Euler Script (RS)
)
LaTeX Font Info:    Try loading font information for U+zeuex on input line 60.

("C:\Users\DELL\AppData\Local\Programs\MiKTeX 2.9\tex\latex\eulervm\uzeuex.fd"
File: uzeuex.fd 2005/01/11 v4.0 (WaS)
)
LaTeX Font Info:    Try loading font information for OT1+zplm on input line 60.

("C:\Users\DELL\AppData\Local\Programs\MiKTeX 2.9\tex\latex\psnfss\ot1zplm.fd"
File: ot1zplm.fd 2002/09/08 Fontinst v1.914 font definitions for OT1/zplm.
)
Package microtype Info: Loading generic settings for font family
(microtype)             `zplm' (encoding: OT1).
(microtype)             For optimal results, create family-specific settings.
(microtype)             See the microtype manual for details.

("C:\Users\DELL\AppData\Local\Programs\MiKTeX 2.9\tex\latex\microtype\mt-msa.cf
g"
File: mt-msa.cfg 2006/02/04 v1.1 microtype config. file: AMS symbols (a) (RS)
)
("C:\Users\DELL\AppData\Local\Programs\MiKTeX 2.9\tex\latex\microtype\mt-msb.cf
g"
File: mt-msb.cfg 2005/06/01 v1.0 microtype config. file: AMS symbols (b) (RS)
)
Package tocbasic Info: character protrusion at toc deactivated on input line 63
.
 (main.toc
Package microtype Info: Character `029' is missing
(microtype)             in font `T1/pplj/m/sc/10.95'.
(microtype)             Ignoring protrusion settings for this character.
LaTeX Font Info:    Font shape `T1/pplj/bx/n' in size <10.95> not available
(Font)              Font shape `T1/pplj/b/n' tried instead on input line 2.
)
\tf@toc=\write4
\openout4 = `main.toc'.

Package tocbasic Info: character protrusion at lof deactivated on input line 65
.
 (main.lof [1


{C:/Users/DELL/AppData/Local/MiKTeX/2.9/pdftex/config/pdftex.map}])
\tf@lof=\write5
\openout5 = `main.lof'.

 [2]
Package microtype Info: Character `029' is missing
(microtype)             in font `T1/iwona/m/sc/14.4'.
(microtype)             Ignoring protrusion settings for this character.

<Figures/CVParamsEstimationGUI/OnStartup_raw.png, id=96, 761.84625pt x 415.5525
pt>
File: Figures/CVParamsEstimationGUI/OnStartup_raw.png Graphic file (type png)
 <use Figures/CVParamsEstimationGUI/OnStartup_raw.png>
Package pdftex.def Info: Figures/CVParamsEstimationGUI/OnStartup_raw.png used o
n input line 90.
(pdftex.def)             Requested size: 332.99774pt x 181.63257pt.
LaTeX Font Info:    Font shape `T1/iwona/bx/n' in size <10> not available
(Font)              Font shape `T1/iwona/b/n' tried instead on input line 91.

<Figures/CVParamsEstimationGUI/OnImageNavigation.png, id=97, 407.27156pt x 356.
0803pt>
File: Figures/CVParamsEstimationGUI/OnImageNavigation.png Graphic file (type pn
g)
 <use Figures/CVParamsEstimationGUI/OnImageNavigation.png>
Package pdftex.def Info: Figures/CVParamsEstimationGUI/OnImageNavigation.png us
ed on input line 98.
(pdftex.def)             Requested size: 332.99774pt x 291.15643pt.

<Figures/CVParamsEstimationGUI/afterImageNavigation.png, id=98, 761.84625pt x 4
15.5525pt>
File: Figures/CVParamsEstimationGUI/afterImageNavigation.png Graphic file (type
 png)
 <use Figures/CVParamsEstimationGUI/afterImageNavigation.png>
Package pdftex.def Info: Figures/CVParamsEstimationGUI/afterImageNavigation.png
 used on input line 106.
(pdftex.def)             Requested size: 332.99774pt x 181.63257pt.

Overfull \hbox (105.41734pt too wide) has occurred while \output is active
 []|[]|
 []

[3 <./Figures/CVParamsEstimationGUI/OnStartup_raw.png> <./Figures/CVParamsEstim
ationGUI/OnImageNavigation.png>]
<Figures/CVParamsEstimationGUI/OnGTNavigation.png, id=106, 407.27156pt x 356.08
03pt>
File: Figures/CVParamsEstimationGUI/OnGTNavigation.png Graphic file (type png)
 <use Figures/CVParamsEstimationGUI/OnGTNavigation.png>
Package pdftex.def Info: Figures/CVParamsEstimationGUI/OnGTNavigation.png used 
on input line 115.
(pdftex.def)             Requested size: 332.99774pt x 291.15643pt.
File: Figures/CVParamsEstimationGUI/afterImageNavigation.png Graphic file (type
 png)

<use Figures/CVParamsEstimationGUI/afterImageNavigation.png>
Package pdftex.def Info: Figures/CVParamsEstimationGUI/afterImageNavigation.png
 used on input line 123.
(pdftex.def)             Requested size: 332.99774pt x 181.63257pt.


LaTeX Warning: `h' float specifier changed to `ht'.


Overfull \hbox (105.41734pt too wide) has occurred while \output is active
 []|[]|
 []

[4 <./Figures/CVParamsEstimationGUI/afterImageNavigation.png> <./Figures/CVPara
msEstimationGUI/OnGTNavigation.png>]
Overfull \hbox (2.89085pt too wide) in paragraph at lines 136--137
[]\T1/pplj/m/it/10.95 Initialisation \T1/pplj/m/n/10.95 is the ini-tial curve/m
ask which is it-er-at-ively de-formed
 []


Overfull \hbox (17.47261pt too wide) in paragraph at lines 136--137
\T1/pplj/m/n/10.95 un-til con-ver-gence. The op-tions are a centred circle, and
 curves/masks
 []


Overfull \hbox (3.8107pt too wide) in paragraph at lines 139--140
[]\T1/pplj/m/it/10.95 Element \T1/pplj/m/n/10.95 is the dila-tion ele-ment to b
e used on the ini-tial curve/mask.
 []


<Figures/CVParamsEstimationGUI/all_parameters.png, id=115, 761.84625pt x 415.55
25pt>
File: Figures/CVParamsEstimationGUI/all_parameters.png Graphic file (type png)
 <use Figures/CVParamsEstimationGUI/all_parameters.png>
Package pdftex.def Info: Figures/CVParamsEstimationGUI/all_parameters.png used 
on input line 152.
(pdftex.def)             Requested size: 332.99774pt x 181.63257pt.


LaTeX Warning: `h' float specifier changed to `ht'.


Overfull \hbox (105.41734pt too wide) has occurred while \output is active
 []|[]|
 []

[5]
<Figures/CVParamsEstimationGUI/OnSegmentationStart.png, id=125, 761.84625pt x 4
15.5525pt>
File: Figures/CVParamsEstimationGUI/OnSegmentationStart.png Graphic file (type 
png)
 <use Figures/CVParamsEstimationGUI/OnSegmentationStart.png>
Package pdftex.def Info: Figures/CVParamsEstimationGUI/OnSegmentationStart.png 
used on input line 160.
(pdftex.def)             Requested size: 332.99774pt x 181.63257pt.

<Figures/CVParamsEstimationGUI/OnSegmentationComplete.png, id=126, 761.84625pt 
x 415.5525pt>
File: Figures/CVParamsEstimationGUI/OnSegmentationComplete.png Graphic file (ty
pe png)
 <use Figures/CVParamsEstimationGUI/OnSegmentationComplete.png>
Package pdftex.def Info: Figures/CVParamsEstimationGUI/OnSegmentationComplete.p
ng used on input line 168.
(pdftex.def)             Requested size: 332.99774pt x 181.63257pt.

Overfull \hbox (105.41734pt too wide) has occurred while \output is active
 []|[]|
 []

[6 <./Figures/CVParamsEstimationGUI/all_parameters.png> <./Figures/CVParamsEsti
mationGUI/OnSegmentationStart.png>]
Overfull \hbox (105.41734pt too wide) has occurred while \output is active
 []|[]|
 []

[7 <./Figures/CVParamsEstimationGUI/OnSegmentationComplete.png>]
<Figures/CVParamsEstimationCLI/1.png, id=138, 737.00343pt x 385.44pt>
File: Figures/CVParamsEstimationCLI/1.png Graphic file (type png)

<use Figures/CVParamsEstimationCLI/1.png>
Package pdftex.def Info: Figures/CVParamsEstimationCLI/1.png used on input line
 185.
(pdftex.def)             Requested size: 332.99774pt x 174.15215pt.

<Figures/CVParamsEstimationCLI/2.png, id=139, 737.00343pt x 385.44pt>
File: Figures/CVParamsEstimationCLI/2.png Graphic file (type png)

<use Figures/CVParamsEstimationCLI/2.png>
Package pdftex.def Info: Figures/CVParamsEstimationCLI/2.png used on input line
 192.
(pdftex.def)             Requested size: 332.99774pt x 174.15215pt.

<Figures/CVParamsEstimationCLI/3.png, id=140, 737.00343pt x 385.44pt>
File: Figures/CVParamsEstimationCLI/3.png Graphic file (type png)

<use Figures/CVParamsEstimationCLI/3.png>
Package pdftex.def Info: Figures/CVParamsEstimationCLI/3.png used on input line
 199.
(pdftex.def)             Requested size: 332.99774pt x 174.15215pt.


LaTeX Warning: `h' float specifier changed to `ht'.


Overfull \hbox (103.085pt too wide) has occurred while \output is active
 []|[]|
 []

[8

 <./Figures/CVParamsEstimationCLI/1.png> <./Figures/CVParamsEstimationCLI/2.png
>] <Figures/CVParamsEstimationCLI/4.png, id=148, 737.00343pt x 385.44pt>
File: Figures/CVParamsEstimationCLI/4.png Graphic file (type png)

<use Figures/CVParamsEstimationCLI/4.png>
Package pdftex.def Info: Figures/CVParamsEstimationCLI/4.png used on input line
 207.
(pdftex.def)             Requested size: 332.99774pt x 174.15215pt.

<Figures/CVParamsEstimationCLI/5.png, id=149, 737.00343pt x 385.44pt>
File: Figures/CVParamsEstimationCLI/5.png Graphic file (type png)

<use Figures/CVParamsEstimationCLI/5.png>
Package pdftex.def Info: Figures/CVParamsEstimationCLI/5.png used on input line
 214.
(pdftex.def)             Requested size: 332.99774pt x 174.15215pt.


LaTeX Warning: `h' float specifier changed to `ht'.


Overfull \hbox (103.085pt too wide) has occurred while \output is active
 []|[]|
 []

[9 <./Figures/CVParamsEstimationCLI/3.png> <./Figures/CVParamsEstimationCLI/4.p
ng>] <Figures/CVParamsEstimationCLI/6.png, id=156, 737.00343pt x 385.44pt>
File: Figures/CVParamsEstimationCLI/6.png Graphic file (type png)

<use Figures/CVParamsEstimationCLI/6.png>
Package pdftex.def Info: Figures/CVParamsEstimationCLI/6.png used on input line
 222.
(pdftex.def)             Requested size: 332.99774pt x 174.15215pt.

<Figures/CVParamsEstimationCLI/7.png, id=157, 737.00343pt x 385.44pt>
File: Figures/CVParamsEstimationCLI/7.png Graphic file (type png)

<use Figures/CVParamsEstimationCLI/7.png>
Package pdftex.def Info: Figures/CVParamsEstimationCLI/7.png used on input line
 229.
(pdftex.def)             Requested size: 332.99774pt x 174.15215pt.


LaTeX Warning: `h' float specifier changed to `ht'.


Overfull \hbox (103.085pt too wide) has occurred while \output is active
 []|[]|
 []

[10 <./Figures/CVParamsEstimationCLI/5.png> <./Figures/CVParamsEstimationCLI/6.
png>]
Overfull \hbox (103.085pt too wide) has occurred while \output is active
 []|[]|
 []

[11 <./Figures/CVParamsEstimationCLI/7.png>]
<Figures/Interactive/1.png, id=168, 737.00343pt x 385.44pt>
File: Figures/Interactive/1.png Graphic file (type png)

<use Figures/Interactive/1.png>
Package pdftex.def Info: Figures/Interactive/1.png used on input line 243.
(pdftex.def)             Requested size: 332.99774pt x 174.15215pt.

<Figures/Interactive/2.png, id=169, 737.00343pt x 385.44pt>
File: Figures/Interactive/2.png Graphic file (type png)

<use Figures/Interactive/2.png>
Package pdftex.def Info: Figures/Interactive/2.png used on input line 250.
(pdftex.def)             Requested size: 332.99774pt x 174.15215pt.

<Figures/Interactive/3.png, id=170, 737.00343pt x 385.44pt>
File: Figures/Interactive/3.png Graphic file (type png)

<use Figures/Interactive/3.png>
Package pdftex.def Info: Figures/Interactive/3.png used on input line 257.
(pdftex.def)             Requested size: 332.99774pt x 174.15215pt.


LaTeX Warning: `h' float specifier changed to `ht'.

[12

 <./Figures/Interactive/1.png> <./Figures/Interactive/2.png>]
<Figures/Interactive/4_1.png, id=178, 237.88875pt x 252.945pt>
File: Figures/Interactive/4_1.png Graphic file (type png)

<use Figures/Interactive/4_1.png>
Package pdftex.def Info: Figures/Interactive/4_1.png used on input line 265.
(pdftex.def)             Requested size: 185.0pt x 196.71736pt.

<Figures/Interactive/4_2.png, id=179, 237.88875pt x 252.945pt>
File: Figures/Interactive/4_2.png Graphic file (type png)

<use Figures/Interactive/4_2.png>
Package pdftex.def Info: Figures/Interactive/4_2.png used on input line 272.
(pdftex.def)             Requested size: 185.0pt x 196.71736pt.


LaTeX Warning: `h' float specifier changed to `ht'.

[13 <./Figures/Interactive/3.png> <./Figures/Interactive/4_1.png>]
<Figures/Interactive/5.png, id=187, 737.00343pt x 385.44pt>
File: Figures/Interactive/5.png Graphic file (type png)

<use Figures/Interactive/5.png>
Package pdftex.def Info: Figures/Interactive/5.png used on input line 280.
(pdftex.def)             Requested size: 332.99774pt x 174.15215pt.

<Figures/Interactive/6.png, id=188, 737.00343pt x 385.44pt>
File: Figures/Interactive/6.png Graphic file (type png)

<use Figures/Interactive/6.png>
Package pdftex.def Info: Figures/Interactive/6.png used on input line 287.
(pdftex.def)             Requested size: 332.99774pt x 174.15215pt.


LaTeX Warning: `h' float specifier changed to `ht'.

[14 <./Figures/Interactive/4_2.png> <./Figures/Interactive/5.png>]
<Figures/Interactive/7.png, id=195, 986.18437pt x 392.21532pt>
File: Figures/Interactive/7.png Graphic file (type png)

<use Figures/Interactive/7.png>
Package pdftex.def Info: Figures/Interactive/7.png used on input line 295.
(pdftex.def)             Requested size: 370.0pt x 147.15219pt.
 [15 <./Figures/Interactive/6.png> <./Figures/Interactive/7.png>] <Figures/Prep
rocess/1.png, id=201, 591.71063pt x 356.0803pt>
File: Figures/Preprocess/1.png Graphic file (type png)

<use Figures/Preprocess/1.png>
Package pdftex.def Info: Figures/Preprocess/1.png used on input line 313.
(pdftex.def)             Requested size: 332.99774pt x 200.3979pt.

Overfull \hbox (57.31216pt too wide) in paragraph at lines 310--316
[]\T1/pplj/m/n/10.95 Total vari-ation de-nois-ing is per-formed sep-ar-ately in
 PreprocessingScheme$\U/zeus/m/n/10.95 n$\T1/pplj/m/n/10.95 main.m.
 []

<Figures/Preprocess/2.png, id=202, 747.54282pt x 192.72pt>
File: Figures/Preprocess/2.png Graphic file (type png)

<use Figures/Preprocess/2.png>
Package pdftex.def Info: Figures/Preprocess/2.png used on input line 320.
(pdftex.def)             Requested size: 332.99774pt x 85.84686pt.

<Figures/Preprocess/3.png, id=203, 748.29562pt x 488.57532pt>
File: Figures/Preprocess/3.png Graphic file (type png)

<use Figures/Preprocess/3.png>
Package pdftex.def Info: Figures/Preprocess/3.png used on input line 327.
(pdftex.def)             Requested size: 332.99774pt x 217.41905pt.


LaTeX Warning: `h' float specifier changed to `ht'.

[16

 <./Figures/Preprocess/1.png> <./Figures/Preprocess/2.png>]
<Figures/Preprocess/5.png, id=212, 737.00343pt x 385.44pt>
File: Figures/Preprocess/5.png Graphic file (type png)

<use Figures/Preprocess/5.png>
Package pdftex.def Info: Figures/Preprocess/5.png used on input line 342.
(pdftex.def)             Requested size: 332.99774pt x 174.15215pt.

Overfull \hbox (16.28983pt too wide) in paragraph at lines 339--345
\T1/pplj/m/n/10.95 PreprocessingScheme$\U/zeus/m/n/10.95 n$\T1/pplj/m/n/10.95 F
MPreprocessingScheme.exe. Enter the path where
 []

<Figures/Preprocess/6.png, id=213, 737.00343pt x 385.44pt>
File: Figures/Preprocess/6.png Graphic file (type png)

<use Figures/Preprocess/6.png>
Package pdftex.def Info: Figures/Preprocess/6.png used on input line 349.
(pdftex.def)             Requested size: 332.99774pt x 174.15215pt.


LaTeX Warning: `h' float specifier changed to `ht'.

[17 <./Figures/Preprocess/3.png> <./Figures/Preprocess/5.png>]
<Figures/Preprocess/7.png, id=220, 737.00343pt x 385.44pt>
File: Figures/Preprocess/7.png Graphic file (type png)

<use Figures/Preprocess/7.png>
Package pdftex.def Info: Figures/Preprocess/7.png used on input line 356.
(pdftex.def)             Requested size: 332.99774pt x 174.15215pt.

<Figures/Preprocess/8.png, id=221, 737.00343pt x 385.44pt>
File: Figures/Preprocess/8.png Graphic file (type png)

<use Figures/Preprocess/8.png>
Package pdftex.def Info: Figures/Preprocess/8.png used on input line 363.
(pdftex.def)             Requested size: 370.0pt x 193.50174pt.


LaTeX Warning: `h' float specifier changed to `ht'.

Package atveryend Info: Empty hook `BeforeClearDocument' on input line 381.
[18 <./Figures/Preprocess/6.png> <./Figures/Preprocess/7.png>] [19 <./Figures/P
reprocess/8.png>]
Package atveryend Info: Empty hook `AfterLastShipout' on input line 381.
 (main.aux)
Package atveryend Info: Executing hook `AtVeryEndDocument' on input line 381.
Package atveryend Info: Executing hook `AtEndAfterFileList' on input line 381.
Package rerunfilecheck Info: File `main.out' has not changed.
(rerunfilecheck)             Checksum: 860BB38341C76032CF786B910E578D88;358.
Package atveryend Info: Empty hook `AtVeryVeryEnd' on input line 381.
 ) 
Here is how much of TeX's memory you used:
 15029 strings out of 493634
 267218 string characters out of 3135647
 563625 words of memory out of 3000000
 18033 multiletter control sequences out of 15000+200000
 82841 words of font info for 95 fonts, out of 3000000 for 9000
 1027 hyphenation exceptions out of 8191
 62i,22n,88p,353b,661s stack positions out of 5000i,500n,10000p,200000b,50000s
{C:/Users/DELL/AppData/Local/Programs/MiKTeX 2.9/fonts/enc/dvips/fontname/8r.
enc}{C:/Users/DELL/AppData/Local/Programs/MiKTeX 2.9/fonts/enc/dvips/iwona/ec-i
wona.enc}{C:/Users/DELL/AppData/Local/Programs/MiKTeX 2.9/fonts/enc/dvips/iwona
/ec-iwona-sc.enc}<C:/Users/DELL/AppData/Local/Programs/MiKTeX 2.9/fonts/type1/p
ublic/amsfonts/cm/cmsy10.pfb><C:/Users/DELL/AppData/Local/Programs/MiKTeX 2.9/f
onts/type1/public/amsfonts/euler/eufm10.pfb><C:/Users/DELL/AppData/Local/Progra
ms/MiKTeX 2.9/fonts/type1/public/amsfonts/euler/eurm10.pfb><C:/Users/DELL/AppDa
ta/Local/Programs/MiKTeX 2.9/fonts/type1/public/amsfonts/euler/eurm7.pfb><C:/Us
ers/DELL/AppData/Local/Programs/MiKTeX 2.9/fonts/type1/public/amsfonts/euler/eu
sm10.pfb><C:/Users/DELL/AppData/Local/Programs/MiKTeX 2.9/fonts/type1/public/fp
l/fplrc8a.pfb><C:/Users/DELL/AppData/Local/Programs/MiKTeX 2.9/fonts/type1/nowa
cki/iwona/iwonab.pfb><C:/Users/DELL/AppData/Local/Programs/MiKTeX 2.9/fonts/typ
e1/nowacki/iwona/iwonar.pfb><C:/Users/DELL/AppData/Local/Programs/MiKTeX 2.9/fo
nts/type1/urw/palatino/uplr8a.pfb><C:/Users/DELL/AppData/Local/Programs/MiKTeX 
2.9/fonts/type1/urw/palatino/uplri8a.pfb>
Output written on main.pdf (19 pages, 1259229 bytes).
PDF statistics:
 289 PDF objects out of 1000 (max. 8388607)
 84 named destinations out of 1000 (max. 500000)
 15538 words of extra memory for PDF output out of 17280 (max. 10000000)

